<?xml version="1.0" encoding="UTF-8"?>
<!-- Generated by org.testng.reporters.JUnitReportReporter -->
<testsuite hostname="GSPLK-LPA553" failures="0" tests="2" name="testCases.TC003_LoginTestDDT" time="24.043" errors="0" timestamp="2024-12-19T12:12:49 IST" skipped="0">
  <testcase classname="testCases.TC003_LoginTestDDT" name="loginTestDDT" time="12.600"/>
  <testcase classname="testCases.TC003_LoginTestDDT" name="loginTestDDT" time="11.443"/>
</testsuite> <!-- testCases.TC003_LoginTestDDT -->
