<?xml version="1.0" encoding="UTF-8"?>
<!-- Generated by org.testng.reporters.JUnitReportReporter -->
<testsuite hostname="GSPLK-LPA553" failures="0" tests="1" name="testCases.TC002_LoginTest" time="2.108" errors="0" timestamp="2024-12-17T13:00:10 IST" skipped="0">
  <testcase classname="testCases.TC002_LoginTest" name="verify_login" time="2.108"/>
</testsuite> <!-- testCases.TC002_LoginTest -->
