<?xml version="1.0" encoding="UTF-8"?>
<!-- Generated by org.testng.reporters.JUnitReportReporter -->
<testsuite hostname="GSPLK-LPA553" failures="0" tests="1" name="testCases.TC001_AccountRegistrationTest" time="5.635" errors="0" timestamp="2024-12-17T13:00:10 IST" skipped="0">
  <testcase classname="testCases.TC001_AccountRegistrationTest" name="verify_account_registration" time="5.635"/>
</testsuite> <!-- testCases.TC001_AccountRegistrationTest -->
